2024-11-07T12:06:01.026+01:00  INFO 11728 --- [praktyki] [main] com.example.demo.PraktykiApplication     : Starting PraktykiApplication using Java 22.0.1 with PID 11728 (C:\Users\gabri\IdeaProjects\demo\target\classes started by gabri in C:\Users\gabri\IdeaProjects\demo)
2024-11-07T12:06:01.030+01:00  INFO 11728 --- [praktyki] [main] com.example.demo.PraktykiApplication     : No active profile set, falling back to 1 default profile: "default"
2024-11-07T12:06:02.216+01:00  INFO 11728 --- [praktyki] [main] .s.d.r.c.RepositoryConfigurationDelegate : Bootstrapping Spring Data JPA repositories in DEFAULT mode.
2024-11-07T12:06:02.310+01:00  INFO 11728 --- [praktyki] [main] .s.d.r.c.RepositoryConfigurationDelegate : Finished Spring Data repository scanning in 83 ms. Found 4 JPA repository interfaces.
2024-11-07T12:06:03.044+01:00  INFO 11728 --- [praktyki] [main] o.s.b.w.embedded.tomcat.TomcatWebServer  : Tomcat initialized with port 8080 (http)
2024-11-07T12:06:03.064+01:00  INFO 11728 --- [praktyki] [main] o.apache.catalina.core.StandardService   : Starting service [Tomcat]
2024-11-07T12:06:03.064+01:00  INFO 11728 --- [praktyki] [main] o.apache.catalina.core.StandardEngine    : Starting Servlet engine: [Apache Tomcat/10.1.31]
2024-11-07T12:06:03.165+01:00  INFO 11728 --- [praktyki] [main] o.a.c.c.C.[Tomcat].[localhost].[/]       : Initializing Spring embedded WebApplicationContext
2024-11-07T12:06:03.166+01:00  INFO 11728 --- [praktyki] [main] w.s.c.ServletWebServerApplicationContext : Root WebApplicationContext: initialization completed in 2045 ms
2024-11-07T12:06:03.392+01:00  INFO 11728 --- [praktyki] [main] o.hibernate.jpa.internal.util.LogHelper  : HHH000204: Processing PersistenceUnitInfo [name: default]
2024-11-07T12:06:03.470+01:00  INFO 11728 --- [praktyki] [main] org.hibernate.Version                    : HHH000412: Hibernate ORM core version 6.5.3.Final
2024-11-07T12:06:03.517+01:00  INFO 11728 --- [praktyki] [main] o.h.c.internal.RegionFactoryInitiator    : HHH000026: Second-level cache disabled
2024-11-07T12:06:03.969+01:00  INFO 11728 --- [praktyki] [main] o.s.o.j.p.SpringPersistenceUnitInfo      : No LoadTimeWeaver setup: ignoring JPA class transformer
2024-11-07T12:06:04.017+01:00  INFO 11728 --- [praktyki] [main] com.zaxxer.hikari.HikariDataSource       : HikariPool-1 - Starting...
2024-11-07T12:06:04.245+01:00  INFO 11728 --- [praktyki] [main] com.zaxxer.hikari.pool.HikariPool        : HikariPool-1 - Added connection com.mysql.cj.jdbc.ConnectionImpl@300a38e7
2024-11-07T12:06:04.248+01:00  INFO 11728 --- [praktyki] [main] com.zaxxer.hikari.HikariDataSource       : HikariPool-1 - Start completed.
2024-11-07T12:06:04.346+01:00  WARN 11728 --- [praktyki] [main] org.hibernate.dialect.Dialect            : HHH000511: The 5.5.5 version for [org.hibernate.dialect.MySQLDialect] is no longer supported, hence certain features may not work properly. The minimum supported version is 8.0.0. Check the community dialects project for available legacy versions.
2024-11-07T12:06:05.820+01:00  INFO 11728 --- [praktyki] [main] o.h.e.t.j.p.i.JtaPlatformInitiator       : HHH000489: No JTA platform available (set 'hibernate.transaction.jta.platform' to enable JTA platform integration)
2024-11-07T12:06:06.000+01:00  INFO 11728 --- [praktyki] [main] j.LocalContainerEntityManagerFactoryBean : Initialized JPA EntityManagerFactory for persistence unit 'default'
2024-11-07T12:06:06.348+01:00  INFO 11728 --- [praktyki] [main] o.s.d.j.r.query.QueryEnhancerFactory     : Hibernate is in classpath; If applicable, HQL parser will be used.
2024-11-07T12:06:07.077+01:00  WARN 11728 --- [praktyki] [main] JpaBaseConfiguration$JpaWebConfiguration : spring.jpa.open-in-view is enabled by default. Therefore, database queries may be performed during view rendering. Explicitly configure spring.jpa.open-in-view to disable this warning
2024-11-07T12:06:07.587+01:00  INFO 11728 --- [praktyki] [main] o.s.b.w.embedded.tomcat.TomcatWebServer  : Tomcat started on port 8080 (http) with context path '/'
2024-11-07T12:06:07.597+01:00  INFO 11728 --- [praktyki] [main] com.example.demo.PraktykiApplication     : Started PraktykiApplication in 7.403 seconds (process running for 8.946)
2024-11-07T12:07:49.783+01:00  INFO 11728 --- [praktyki] [http-nio-8080-exec-2] o.a.c.c.C.[Tomcat].[localhost].[/]       : Initializing Spring DispatcherServlet 'dispatcherServlet'
2024-11-07T12:07:49.784+01:00  INFO 11728 --- [praktyki] [http-nio-8080-exec-2] o.s.web.servlet.DispatcherServlet        : Initializing Servlet 'dispatcherServlet'
2024-11-07T12:07:49.786+01:00  INFO 11728 --- [praktyki] [http-nio-8080-exec-2] o.s.web.servlet.DispatcherServlet        : Completed initialization in 2 ms
2024-11-07T12:07:49.944+01:00  WARN 11728 --- [praktyki] [http-nio-8080-exec-2] .c.j.MappingJackson2HttpMessageConverter : Failed to evaluate Jackson deserialization for type [[simple type, class com.example.demo.entity.AuthorProfile]]: com.fasterxml.jackson.databind.exc.InvalidDefinitionException: Multiple back-reference properties with name 'defaultReference'
2024-11-07T12:07:49.947+01:00  WARN 11728 --- [praktyki] [http-nio-8080-exec-2] .c.j.MappingJackson2HttpMessageConverter : Failed to evaluate Jackson deserialization for type [[simple type, class com.example.demo.entity.AuthorProfile]]: com.fasterxml.jackson.databind.exc.InvalidDefinitionException: Multiple back-reference properties with name 'defaultReference'
2024-11-07T12:07:49.959+01:00  WARN 11728 --- [praktyki] [http-nio-8080-exec-2] .w.s.m.s.DefaultHandlerExceptionResolver : Resolved [org.springframework.web.HttpMediaTypeNotSupportedException: Content-Type 'application/json;charset=UTF-8' is not supported]
2024-11-07T12:09:14.386+01:00  WARN 11728 --- [praktyki] [http-nio-8080-exec-5] .c.j.MappingJackson2HttpMessageConverter : Failed to evaluate Jackson deserialization for type [[simple type, class com.example.demo.entity.Publisher]]: com.fasterxml.jackson.databind.exc.InvalidDefinitionException: Multiple back-reference properties with name 'defaultReference'
2024-11-07T12:09:14.389+01:00  WARN 11728 --- [praktyki] [http-nio-8080-exec-5] .c.j.MappingJackson2HttpMessageConverter : Failed to evaluate Jackson deserialization for type [[simple type, class com.example.demo.entity.Publisher]]: com.fasterxml.jackson.databind.exc.InvalidDefinitionException: Multiple back-reference properties with name 'defaultReference'
2024-11-07T12:09:14.390+01:00  WARN 11728 --- [praktyki] [http-nio-8080-exec-5] .w.s.m.s.DefaultHandlerExceptionResolver : Resolved [org.springframework.web.HttpMediaTypeNotSupportedException: Content-Type 'application/json;charset=UTF-8' is not supported]
2024-11-07T12:11:42.589+01:00  INFO 11728 --- [praktyki] [SpringApplicationShutdownHook] j.LocalContainerEntityManagerFactoryBean : Closing JPA EntityManagerFactory for persistence unit 'default'
2024-11-07T12:11:42.592+01:00  INFO 11728 --- [praktyki] [SpringApplicationShutdownHook] com.zaxxer.hikari.HikariDataSource       : HikariPool-1 - Shutdown initiated...
2024-11-07T12:11:42.600+01:00  INFO 11728 --- [praktyki] [SpringApplicationShutdownHook] com.zaxxer.hikari.HikariDataSource       : HikariPool-1 - Shutdown completed.
2024-11-07T12:12:49.898+01:00  INFO 11160 --- [praktyki] [main] com.example.demo.PraktykiApplication     : Starting PraktykiApplication using Java 22.0.1 with PID 11160 (C:\Users\gabri\IdeaProjects\demo\target\classes started by gabri in C:\Users\gabri\IdeaProjects\demo)
2024-11-07T12:12:49.903+01:00  INFO 11160 --- [praktyki] [main] com.example.demo.PraktykiApplication     : No active profile set, falling back to 1 default profile: "default"
2024-11-07T12:12:51.273+01:00  INFO 11160 --- [praktyki] [main] .s.d.r.c.RepositoryConfigurationDelegate : Bootstrapping Spring Data JPA repositories in DEFAULT mode.
2024-11-07T12:12:51.384+01:00  INFO 11160 --- [praktyki] [main] .s.d.r.c.RepositoryConfigurationDelegate : Finished Spring Data repository scanning in 100 ms. Found 4 JPA repository interfaces.
2024-11-07T12:12:52.521+01:00  INFO 11160 --- [praktyki] [main] o.s.b.w.embedded.tomcat.TomcatWebServer  : Tomcat initialized with port 8080 (http)
2024-11-07T12:12:52.556+01:00  INFO 11160 --- [praktyki] [main] o.apache.catalina.core.StandardService   : Starting service [Tomcat]
2024-11-07T12:12:52.558+01:00  INFO 11160 --- [praktyki] [main] o.apache.catalina.core.StandardEngine    : Starting Servlet engine: [Apache Tomcat/10.1.31]
2024-11-07T12:12:52.716+01:00  INFO 11160 --- [praktyki] [main] o.a.c.c.C.[Tomcat].[localhost].[/]       : Initializing Spring embedded WebApplicationContext
2024-11-07T12:12:52.717+01:00  INFO 11160 --- [praktyki] [main] w.s.c.ServletWebServerApplicationContext : Root WebApplicationContext: initialization completed in 2720 ms
2024-11-07T12:12:52.961+01:00  INFO 11160 --- [praktyki] [main] o.hibernate.jpa.internal.util.LogHelper  : HHH000204: Processing PersistenceUnitInfo [name: default]
2024-11-07T12:12:53.061+01:00  INFO 11160 --- [praktyki] [main] org.hibernate.Version                    : HHH000412: Hibernate ORM core version 6.5.3.Final
2024-11-07T12:12:53.124+01:00  INFO 11160 --- [praktyki] [main] o.h.c.internal.RegionFactoryInitiator    : HHH000026: Second-level cache disabled
2024-11-07T12:12:53.627+01:00  INFO 11160 --- [praktyki] [main] o.s.o.j.p.SpringPersistenceUnitInfo      : No LoadTimeWeaver setup: ignoring JPA class transformer
2024-11-07T12:12:53.668+01:00  INFO 11160 --- [praktyki] [main] com.zaxxer.hikari.HikariDataSource       : HikariPool-1 - Starting...
2024-11-07T12:12:53.889+01:00  INFO 11160 --- [praktyki] [main] com.zaxxer.hikari.pool.HikariPool        : HikariPool-1 - Added connection com.mysql.cj.jdbc.ConnectionImpl@3a88f6fb
2024-11-07T12:12:53.892+01:00  INFO 11160 --- [praktyki] [main] com.zaxxer.hikari.HikariDataSource       : HikariPool-1 - Start completed.
2024-11-07T12:12:53.976+01:00  WARN 11160 --- [praktyki] [main] org.hibernate.dialect.Dialect            : HHH000511: The 5.5.5 version for [org.hibernate.dialect.MySQLDialect] is no longer supported, hence certain features may not work properly. The minimum supported version is 8.0.0. Check the community dialects project for available legacy versions.
2024-11-07T12:12:55.411+01:00  INFO 11160 --- [praktyki] [main] o.h.e.t.j.p.i.JtaPlatformInitiator       : HHH000489: No JTA platform available (set 'hibernate.transaction.jta.platform' to enable JTA platform integration)
2024-11-07T12:12:55.596+01:00  INFO 11160 --- [praktyki] [main] j.LocalContainerEntityManagerFactoryBean : Initialized JPA EntityManagerFactory for persistence unit 'default'
2024-11-07T12:12:55.942+01:00  INFO 11160 --- [praktyki] [main] o.s.d.j.r.query.QueryEnhancerFactory     : Hibernate is in classpath; If applicable, HQL parser will be used.
2024-11-07T12:12:56.637+01:00  WARN 11160 --- [praktyki] [main] JpaBaseConfiguration$JpaWebConfiguration : spring.jpa.open-in-view is enabled by default. Therefore, database queries may be performed during view rendering. Explicitly configure spring.jpa.open-in-view to disable this warning
2024-11-07T12:12:57.144+01:00  INFO 11160 --- [praktyki] [main] o.s.b.w.embedded.tomcat.TomcatWebServer  : Tomcat started on port 8080 (http) with context path '/'
2024-11-07T12:12:57.154+01:00  INFO 11160 --- [praktyki] [main] com.example.demo.PraktykiApplication     : Started PraktykiApplication in 8.143 seconds (process running for 9.514)
2024-11-07T12:14:01.831+01:00  INFO 11160 --- [praktyki] [http-nio-8080-exec-1] o.a.c.c.C.[Tomcat].[localhost].[/]       : Initializing Spring DispatcherServlet 'dispatcherServlet'
2024-11-07T12:14:01.831+01:00  INFO 11160 --- [praktyki] [http-nio-8080-exec-1] o.s.web.servlet.DispatcherServlet        : Initializing Servlet 'dispatcherServlet'
2024-11-07T12:14:01.832+01:00  INFO 11160 --- [praktyki] [http-nio-8080-exec-1] o.s.web.servlet.DispatcherServlet        : Completed initialization in 1 ms
2024-11-07T12:14:02.100+01:00  WARN 11160 --- [praktyki] [http-nio-8080-exec-1] .c.j.MappingJackson2HttpMessageConverter : Failed to evaluate Jackson deserialization for type [[simple type, class com.example.demo.entity.AuthorProfile]]: com.fasterxml.jackson.databind.exc.InvalidDefinitionException: Multiple back-reference properties with name 'defaultReference'
2024-11-07T12:14:02.109+01:00  WARN 11160 --- [praktyki] [http-nio-8080-exec-1] .c.j.MappingJackson2HttpMessageConverter : Failed to evaluate Jackson deserialization for type [[simple type, class com.example.demo.entity.AuthorProfile]]: com.fasterxml.jackson.databind.exc.InvalidDefinitionException: Multiple back-reference properties with name 'defaultReference'
2024-11-07T12:14:02.118+01:00  WARN 11160 --- [praktyki] [http-nio-8080-exec-1] .w.s.m.s.DefaultHandlerExceptionResolver : Resolved [org.springframework.web.HttpMediaTypeNotSupportedException: Content-Type 'application/json;charset=UTF-8' is not supported]
2024-11-07T12:14:28.758+01:00  WARN 11160 --- [praktyki] [http-nio-8080-exec-4] .c.j.MappingJackson2HttpMessageConverter : Failed to evaluate Jackson deserialization for type [[simple type, class com.example.demo.entity.AuthorProfile]]: com.fasterxml.jackson.databind.exc.InvalidDefinitionException: Multiple back-reference properties with name 'defaultReference'
2024-11-07T12:14:28.763+01:00  WARN 11160 --- [praktyki] [http-nio-8080-exec-4] .c.j.MappingJackson2HttpMessageConverter : Failed to evaluate Jackson deserialization for type [[simple type, class com.example.demo.entity.AuthorProfile]]: com.fasterxml.jackson.databind.exc.InvalidDefinitionException: Multiple back-reference properties with name 'defaultReference'
2024-11-07T12:14:28.764+01:00  WARN 11160 --- [praktyki] [http-nio-8080-exec-4] .w.s.m.s.DefaultHandlerExceptionResolver : Resolved [org.springframework.web.HttpMediaTypeNotSupportedException: Content-Type 'application/json;charset=UTF-8' is not supported]
2024-11-07T12:17:54.446+01:00  INFO 11160 --- [praktyki] [SpringApplicationShutdownHook] j.LocalContainerEntityManagerFactoryBean : Closing JPA EntityManagerFactory for persistence unit 'default'
2024-11-07T12:17:54.449+01:00  INFO 11160 --- [praktyki] [SpringApplicationShutdownHook] com.zaxxer.hikari.HikariDataSource       : HikariPool-1 - Shutdown initiated...
2024-11-07T12:17:54.458+01:00  INFO 11160 --- [praktyki] [SpringApplicationShutdownHook] com.zaxxer.hikari.HikariDataSource       : HikariPool-1 - Shutdown completed.
2024-11-07T12:18:11.173+01:00  INFO 232 --- [praktyki] [main] com.example.demo.PraktykiApplication     : Starting PraktykiApplication using Java 22.0.1 with PID 232 (C:\Users\gabri\IdeaProjects\demo\target\classes started by gabri in C:\Users\gabri\IdeaProjects\demo)
2024-11-07T12:18:11.177+01:00  INFO 232 --- [praktyki] [main] com.example.demo.PraktykiApplication     : No active profile set, falling back to 1 default profile: "default"
2024-11-07T12:18:12.354+01:00  INFO 232 --- [praktyki] [main] .s.d.r.c.RepositoryConfigurationDelegate : Bootstrapping Spring Data JPA repositories in DEFAULT mode.
2024-11-07T12:18:12.470+01:00  INFO 232 --- [praktyki] [main] .s.d.r.c.RepositoryConfigurationDelegate : Finished Spring Data repository scanning in 104 ms. Found 4 JPA repository interfaces.
2024-11-07T12:18:13.204+01:00  INFO 232 --- [praktyki] [main] o.s.b.w.embedded.tomcat.TomcatWebServer  : Tomcat initialized with port 8080 (http)
2024-11-07T12:18:13.226+01:00  INFO 232 --- [praktyki] [main] o.apache.catalina.core.StandardService   : Starting service [Tomcat]
2024-11-07T12:18:13.226+01:00  INFO 232 --- [praktyki] [main] o.apache.catalina.core.StandardEngine    : Starting Servlet engine: [Apache Tomcat/10.1.31]
2024-11-07T12:18:13.317+01:00  INFO 232 --- [praktyki] [main] o.a.c.c.C.[Tomcat].[localhost].[/]       : Initializing Spring embedded WebApplicationContext
2024-11-07T12:18:13.319+01:00  INFO 232 --- [praktyki] [main] w.s.c.ServletWebServerApplicationContext : Root WebApplicationContext: initialization completed in 2019 ms
2024-11-07T12:18:13.532+01:00  INFO 232 --- [praktyki] [main] o.hibernate.jpa.internal.util.LogHelper  : HHH000204: Processing PersistenceUnitInfo [name: default]
2024-11-07T12:18:13.626+01:00  INFO 232 --- [praktyki] [main] org.hibernate.Version                    : HHH000412: Hibernate ORM core version 6.5.3.Final
2024-11-07T12:18:13.671+01:00  INFO 232 --- [praktyki] [main] o.h.c.internal.RegionFactoryInitiator    : HHH000026: Second-level cache disabled
2024-11-07T12:18:14.121+01:00  INFO 232 --- [praktyki] [main] o.s.o.j.p.SpringPersistenceUnitInfo      : No LoadTimeWeaver setup: ignoring JPA class transformer
2024-11-07T12:18:14.168+01:00  INFO 232 --- [praktyki] [main] com.zaxxer.hikari.HikariDataSource       : HikariPool-1 - Starting...
2024-11-07T12:18:14.381+01:00  INFO 232 --- [praktyki] [main] com.zaxxer.hikari.pool.HikariPool        : HikariPool-1 - Added connection com.mysql.cj.jdbc.ConnectionImpl@7d1f3fe9
2024-11-07T12:18:14.383+01:00  INFO 232 --- [praktyki] [main] com.zaxxer.hikari.HikariDataSource       : HikariPool-1 - Start completed.
2024-11-07T12:18:14.464+01:00  WARN 232 --- [praktyki] [main] org.hibernate.dialect.Dialect            : HHH000511: The 5.5.5 version for [org.hibernate.dialect.MySQLDialect] is no longer supported, hence certain features may not work properly. The minimum supported version is 8.0.0. Check the community dialects project for available legacy versions.
2024-11-07T12:18:15.822+01:00  INFO 232 --- [praktyki] [main] o.h.e.t.j.p.i.JtaPlatformInitiator       : HHH000489: No JTA platform available (set 'hibernate.transaction.jta.platform' to enable JTA platform integration)
2024-11-07T12:18:16.051+01:00  INFO 232 --- [praktyki] [main] j.LocalContainerEntityManagerFactoryBean : Initialized JPA EntityManagerFactory for persistence unit 'default'
2024-11-07T12:18:16.416+01:00  INFO 232 --- [praktyki] [main] o.s.d.j.r.query.QueryEnhancerFactory     : Hibernate is in classpath; If applicable, HQL parser will be used.
2024-11-07T12:18:17.333+01:00  WARN 232 --- [praktyki] [main] JpaBaseConfiguration$JpaWebConfiguration : spring.jpa.open-in-view is enabled by default. Therefore, database queries may be performed during view rendering. Explicitly configure spring.jpa.open-in-view to disable this warning
2024-11-07T12:18:18.139+01:00  INFO 232 --- [praktyki] [main] o.s.b.w.embedded.tomcat.TomcatWebServer  : Tomcat started on port 8080 (http) with context path '/'
2024-11-07T12:18:18.149+01:00  INFO 232 --- [praktyki] [main] com.example.demo.PraktykiApplication     : Started PraktykiApplication in 7.788 seconds (process running for 9.047)
2024-11-07T12:18:24.226+01:00  INFO 232 --- [praktyki] [http-nio-8080-exec-1] o.a.c.c.C.[Tomcat].[localhost].[/]       : Initializing Spring DispatcherServlet 'dispatcherServlet'
2024-11-07T12:18:24.227+01:00  INFO 232 --- [praktyki] [http-nio-8080-exec-1] o.s.web.servlet.DispatcherServlet        : Initializing Servlet 'dispatcherServlet'
2024-11-07T12:18:24.229+01:00  INFO 232 --- [praktyki] [http-nio-8080-exec-1] o.s.web.servlet.DispatcherServlet        : Completed initialization in 1 ms
2024-11-07T12:18:24.388+01:00  WARN 232 --- [praktyki] [http-nio-8080-exec-1] .c.j.MappingJackson2HttpMessageConverter : Failed to evaluate Jackson deserialization for type [[simple type, class com.example.demo.entity.AuthorProfile]]: com.fasterxml.jackson.databind.exc.InvalidDefinitionException: Multiple back-reference properties with name 'defaultReference'
2024-11-07T12:18:24.394+01:00  WARN 232 --- [praktyki] [http-nio-8080-exec-1] .c.j.MappingJackson2HttpMessageConverter : Failed to evaluate Jackson deserialization for type [[simple type, class com.example.demo.entity.AuthorProfile]]: com.fasterxml.jackson.databind.exc.InvalidDefinitionException: Multiple back-reference properties with name 'defaultReference'
2024-11-07T12:18:24.406+01:00  WARN 232 --- [praktyki] [http-nio-8080-exec-1] .w.s.m.s.DefaultHandlerExceptionResolver : Resolved [org.springframework.web.HttpMediaTypeNotSupportedException: Content-Type 'application/json;charset=UTF-8' is not supported]
2024-11-07T12:19:28.330+01:00  INFO 232 --- [praktyki] [SpringApplicationShutdownHook] j.LocalContainerEntityManagerFactoryBean : Closing JPA EntityManagerFactory for persistence unit 'default'
2024-11-07T12:19:28.332+01:00  INFO 232 --- [praktyki] [SpringApplicationShutdownHook] com.zaxxer.hikari.HikariDataSource       : HikariPool-1 - Shutdown initiated...
2024-11-07T12:19:28.343+01:00  INFO 232 --- [praktyki] [SpringApplicationShutdownHook] com.zaxxer.hikari.HikariDataSource       : HikariPool-1 - Shutdown completed.
